// 重构日志: 71989045
// 重构日志: ea778b0a
// 同步 ID: 63af8a12 @ Thu Jul  2 18:02:51 UTC 2026
// 同步 ID: b54f1480 @ Mon Jul  6 01:06:12 UTC 2026
// 同步 ID: 7a9d67d4 @ Fri Jul 10 10:40:17 UTC 2026
// 重构日志: 5185886b
// 重构日志: 6f832a21
// 同步 ID: 8da5c645 @ Tue Jul 14 17:06:14 UTC 2026
// 重构日志: 7fcb2c53
// 重构日志: 91a1876a
// 重构日志: 748a1688
// 重构日志: 5825381a
// 重构日志: 27f3565f
// 同步 ID: c402a135 @ Fri Jul 17 13:17:13 UTC 2026
// 重构日志: 8b5499af
// 重构日志: 189aaac5
// 同步 ID: d0a7297f @ Sat Jul 18 06:07:04 UTC 2026
// 同步 ID: 217bb936 @ Sat Jul 18 14:46:48 UTC 2026
// 重构日志: 7530969f
// 重构日志: 2fde348e
// 重构日志: 63694d3e
